Compiled jquery.js  (6ms)  (pid 7016)
Compiled jquery_ujs.js  (0ms)  (pid 7016)
Compiled bootstrap.js  (431ms)  (pid 7016)
Compiled documents.js  (128ms)  (pid 7016)
Compiled home.js  (123ms)  (pid 7016)
Compiled tasks.js  (139ms)  (pid 7016)
Compiled teammates.js  (105ms)  (pid 7016)
Compiled application.js  (1220ms)  (pid 7016)
Compiled bootstrap.css  (1ms)  (pid 7016)
Compiled bootstrap_and_overrides.css  (8972ms)  (pid 7016)
Compiled documents.css  (3479ms)  (pid 7016)
Compiled home.css  (2ms)  (pid 7016)
Compiled scaffolds.css  (25ms)  (pid 7016)
Compiled tasks.css  (2ms)  (pid 7016)
Compiled teammates.css  (2ms)  (pid 7016)
Compiled application.css  (12743ms)  (pid 7016)
Compiled jquery.js  (3ms)  (pid 7016)
Compiled jquery_ujs.js  (0ms)  (pid 7016)
Compiled bootstrap.js  (169ms)  (pid 7016)
Compiled documents.js  (104ms)  (pid 7016)
Compiled home.js  (101ms)  (pid 7016)
Compiled tasks.js  (141ms)  (pid 7016)
Compiled teammates.js  (111ms)  (pid 7016)
Compiled application.js  (742ms)  (pid 7016)
Compiled bootstrap.css  (1ms)  (pid 7016)
Compiled bootstrap_and_overrides.css  (8792ms)  (pid 7016)
Compiled documents.css  (3457ms)  (pid 7016)
Compiled home.css  (3ms)  (pid 7016)
Compiled scaffolds.css  (25ms)  (pid 7016)
Compiled tasks.css  (24ms)  (pid 7016)
Compiled teammates.css  (3ms)  (pid 7016)
Compiled application.css  (12677ms)  (pid 7016)
Compiled jquery.js  (4ms)  (pid 7118)
Compiled jquery_ujs.js  (0ms)  (pid 7118)
Compiled bootstrap.js  (711ms)  (pid 7118)
Compiled documents.js  (123ms)  (pid 7118)
Compiled home.js  (97ms)  (pid 7118)
Compiled tasks.js  (146ms)  (pid 7118)
Compiled teammates.js  (132ms)  (pid 7118)
Compiled application.js  (1535ms)  (pid 7118)
Compiled bootstrap.css  (1ms)  (pid 7118)
Compiled bootstrap_and_overrides.css  (9662ms)  (pid 7118)
Compiled documents.css  (3644ms)  (pid 7118)
Compiled home.css  (13ms)  (pid 7118)
Compiled scaffolds.css  (25ms)  (pid 7118)
Compiled tasks.css  (3ms)  (pid 7118)
Compiled teammates.css  (2ms)  (pid 7118)
Compiled application.css  (14131ms)  (pid 7118)
Compiled jquery.js  (4ms)  (pid 7118)
Compiled jquery_ujs.js  (0ms)  (pid 7118)
Compiled bootstrap.js  (161ms)  (pid 7118)
Compiled documents.js  (105ms)  (pid 7118)
Compiled home.js  (113ms)  (pid 7118)
Compiled tasks.js  (285ms)  (pid 7118)
Compiled teammates.js  (102ms)  (pid 7118)
Compiled application.js  (1281ms)  (pid 7118)
Compiled bootstrap.css  (1ms)  (pid 7118)
Compiled bootstrap_and_overrides.css  (9715ms)  (pid 7118)
Compiled documents.css  (3560ms)  (pid 7118)
Compiled home.css  (2ms)  (pid 7118)
Compiled scaffolds.css  (26ms)  (pid 7118)
Compiled tasks.css  (2ms)  (pid 7118)
Compiled teammates.css  (4ms)  (pid 7118)
Compiled application.css  (13581ms)  (pid 7118)
Compiled jquery.js  (6ms)  (pid 7285)
Compiled jquery_ujs.js  (0ms)  (pid 7285)
Compiled bootstrap.js  (554ms)  (pid 7285)
Compiled documents.js  (204ms)  (pid 7285)
Compiled home.js  (174ms)  (pid 7285)
Compiled tasks.js  (112ms)  (pid 7285)
Compiled teammates.js  (100ms)  (pid 7285)
Compiled application.js  (1313ms)  (pid 7285)
Compiled bootstrap.css  (2ms)  (pid 7285)
Compiled bootstrap_and_overrides.css  (8824ms)  (pid 7285)
Compiled documents.css  (3407ms)  (pid 7285)
Compiled home.css  (2ms)  (pid 7285)
Compiled scaffolds.css  (80ms)  (pid 7285)
Compiled tasks.css  (2ms)  (pid 7285)
Compiled teammates.css  (2ms)  (pid 7285)
Compiled application.css  (12586ms)  (pid 7285)
Compiled jquery.js  (4ms)  (pid 7285)
Compiled jquery_ujs.js  (0ms)  (pid 7285)
Compiled bootstrap.js  (184ms)  (pid 7285)
Compiled documents.js  (102ms)  (pid 7285)
Compiled home.js  (138ms)  (pid 7285)
Compiled tasks.js  (107ms)  (pid 7285)
Compiled teammates.js  (106ms)  (pid 7285)
Compiled application.js  (811ms)  (pid 7285)
Compiled bootstrap.css  (1ms)  (pid 7285)
Compiled bootstrap_and_overrides.css  (8798ms)  (pid 7285)
Compiled documents.css  (3331ms)  (pid 7285)
Compiled home.css  (2ms)  (pid 7285)
Compiled scaffolds.css  (27ms)  (pid 7285)
Compiled tasks.css  (2ms)  (pid 7285)
Compiled teammates.css  (2ms)  (pid 7285)
Compiled application.css  (12235ms)  (pid 7285)
Compiled jquery.js  (4ms)  (pid 7379)
Compiled jquery_ujs.js  (0ms)  (pid 7379)
Compiled bootstrap.js  (758ms)  (pid 7379)
Compiled documents.js  (179ms)  (pid 7379)
Compiled home.js  (150ms)  (pid 7379)
Compiled tasks.js  (113ms)  (pid 7379)
Compiled teammates.js  (103ms)  (pid 7379)
Compiled application.js  (1534ms)  (pid 7379)
Compiled bootstrap.css  (1ms)  (pid 7379)
Compiled bootstrap_and_overrides.css  (11068ms)  (pid 7379)
Compiled documents.css  (3617ms)  (pid 7379)
Compiled home.css  (4ms)  (pid 7379)
Compiled scaffolds.css  (82ms)  (pid 7379)
Compiled tasks.css  (17ms)  (pid 7379)
Compiled teammates.css  (26ms)  (pid 7379)
Compiled application.css  (16410ms)  (pid 7379)
Compiled jquery.js  (4ms)  (pid 7379)
Compiled jquery_ujs.js  (0ms)  (pid 7379)
Compiled bootstrap.js  (211ms)  (pid 7379)
Compiled documents.js  (98ms)  (pid 7379)
Compiled home.js  (142ms)  (pid 7379)
Compiled tasks.js  (106ms)  (pid 7379)
Compiled teammates.js  (102ms)  (pid 7379)
Compiled application.js  (807ms)  (pid 7379)
Compiled bootstrap.css  (1ms)  (pid 7379)
Compiled bootstrap_and_overrides.css  (9407ms)  (pid 7379)
Compiled documents.css  (3537ms)  (pid 7379)
Compiled home.css  (2ms)  (pid 7379)
Compiled scaffolds.css  (24ms)  (pid 7379)
Compiled tasks.css  (2ms)  (pid 7379)
Compiled teammates.css  (2ms)  (pid 7379)
Compiled application.css  (13319ms)  (pid 7379)
Compiled jquery.js  (3ms)  (pid 7457)
Compiled jquery_ujs.js  (0ms)  (pid 7457)
Compiled bootstrap.js  (244ms)  (pid 7457)
Compiled documents.js  (111ms)  (pid 7457)
Compiled home.js  (129ms)  (pid 7457)
Compiled tasks.js  (100ms)  (pid 7457)
Compiled teammates.js  (103ms)  (pid 7457)
Compiled application.js  (958ms)  (pid 7457)
Compiled bootstrap.css  (1ms)  (pid 7457)
Compiled bootstrap_and_overrides.css  (10001ms)  (pid 7457)
Compiled documents.css  (3429ms)  (pid 7457)
Compiled home.css  (2ms)  (pid 7457)
Compiled scaffolds.css  (26ms)  (pid 7457)
Compiled tasks.css  (2ms)  (pid 7457)
Compiled teammates.css  (2ms)  (pid 7457)
Compiled application.css  (14756ms)  (pid 7457)
Compiled jquery.js  (4ms)  (pid 7457)
Compiled jquery_ujs.js  (0ms)  (pid 7457)
Compiled bootstrap.js  (127ms)  (pid 7457)
Compiled documents.js  (126ms)  (pid 7457)
Compiled home.js  (260ms)  (pid 7457)
Compiled tasks.js  (134ms)  (pid 7457)
Compiled teammates.js  (167ms)  (pid 7457)
Compiled application.js  (1089ms)  (pid 7457)
Compiled bootstrap.css  (1ms)  (pid 7457)
Compiled bootstrap_and_overrides.css  (9670ms)  (pid 7457)
Compiled documents.css  (3866ms)  (pid 7457)
Compiled home.css  (19ms)  (pid 7457)
Compiled scaffolds.css  (45ms)  (pid 7457)
Compiled tasks.css  (2ms)  (pid 7457)
Compiled teammates.css  (2ms)  (pid 7457)
Compiled application.css  (13782ms)  (pid 7457)
